<?xml version="1.0" encoding="UTF-8"?>
<testsuite name="MainTest" tests="5" skipped="0" failures="0" errors="0" timestamp="2025-02-17T21:58:21" hostname="ANDREEA" time="0.222">
  <properties/>
  <testcase name="erroredGroupGuide04()" classname="MainTest" time="0.142"/>
  <testcase name="erroredGroupMembers05()" classname="MainTest" time="0.051"/>
  <testcase name="basicMuseumsLoad01()" classname="MainTest" time="0.013"/>
  <testcase name="erroredMuseumsLoad02()" classname="MainTest" time="0.008"/>
  <testcase name="basicGroupsLoad03()" classname="MainTest" time="0.007"/>
  <system-out><![CDATA[7300203 ## 13-15 ## removed guide: surname=Elena, name=Radu, role=profesor, age=50, email=elena.radu@domain.ro, school=Universitatea de Vest, experience=15
7300203 ## 13-15 ## new guide: surname=Simona, name=Stan, role=profesor, age=33, email=simona.stan@domain.ro, school=Academia de Studii Economice, experience=4
7300203 ## 13-15 ## new member: surname=Mihai, name=Nistor, role=student, age=21, email=null, school=Liceul National, studyYear=3
7300203 ## 13-15 ## new member: surname=Vlad, name=Diaconescu, role=student, age=23, email=vlad.diaconescu@example.com, school=Universitatea de Vest, studyYear=4
7300203 ## 13-15 ## new member: surname=Roxana, name=Popescu, role=student, age=18, email=roxana.popescu@example.com, school=Liceul National, studyYear=1
7300203 ## 13-15 ## new member: surname=Sorin, name=Ionescu, role=profesor, age=48, email=null, school=Universitatea Babes-Bolyai, experience=12
7300203 ## 13-15 ## new member: surname=Diana, name=Dumitrescu, role=student, age=24, email=diana.dumitrescu@domain.ro, school=Universitatea Politehnica, studyYear=4
7300203 ## 13-15 ## new member: surname=Paul, name=Georgescu, role=profesor, age=42, email=paul.georgescu@example.com, school=Universitatea Alexandru Ioan Cuza, experience=9
7300203 ## 13-15 ## new member: surname=Larisa, name=Stoica, role=student, age=20, email=larisa.stoica@email.org, school=Colegiul Tehnic, studyYear=2
7300203 ## 13-15 ## new member: surname=Victor, name=Radu, role=profesor, age=37, email=victor.radu@domain.ro, school=Universitatea Bucuresti, experience=6
7300203 ## 13-15 ## new member: surname=Daniel, name=Marin, role=profesor, age=55, email=null, school=Universitatea Politehnica, experience=15
7300203 ## 13-15 ## new member: surname=Adrian, name=Diaconescu, role=student, age=21, email=adrian.diaconescu@example.com, school=Universitatea de Vest, studyYear=3
7300203 ## 13-15 ## new member: surname=Mihai, name=Nistor, role=student, age=21, email=null, school=Liceul National, studyYear=3
7300203 ## 13-15 ## new member: surname=Vlad, name=Diaconescu, role=student, age=23, email=vlad.diaconescu@example.com, school=Universitatea de Vest, studyYear=4
7300203 ## 13-15 ## new member: surname=Roxana, name=Popescu, role=student, age=18, email=roxana.popescu@example.com, school=Liceul National, studyYear=1
7300203 ## 13-15 ## new member: surname=Sorin, name=Ionescu, role=profesor, age=48, email=null, school=Universitatea Babes-Bolyai, experience=12
7300203 ## 13-15 ## new member: surname=Diana, name=Dumitrescu, role=student, age=24, email=diana.dumitrescu@domain.ro, school=Universitatea Politehnica, studyYear=4
7300203 ## 13-15 ## new member: surname=Paul, name=Georgescu, role=profesor, age=42, email=paul.georgescu@example.com, school=Universitatea Alexandru Ioan Cuza, experience=9
7300203 ## 13-15 ## new member: surname=Larisa, name=Stoica, role=student, age=20, email=larisa.stoica@email.org, school=Colegiul Tehnic, studyYear=2
7300203 ## 13-15 ## new member: surname=Victor, name=Radu, role=profesor, age=37, email=victor.radu@domain.ro, school=Universitatea Bucuresti, experience=6
7300203 ## 13-15 ## new member: surname=Oana, name=Nistor, role=student, age=19, email=oana.nistor@example.com, school=Liceul National, studyYear=1
7300203 ## 13-15 ## new member: surname=Daniel, name=Marin, role=profesor, age=55, email=null, school=Universitatea Politehnica, experience=15
7300203 ## 13-15 ## removed member: surname=Victor, name=Radu, role=profesor, age=37, email=victor.radu@domain.ro, school=Universitatea Bucuresti, experience=6
7300203 ## 10-12 ## new member: surname=Alex, name=Popescu, role=student, age=20, email=alex.popescu@example.com, school=Liceul National, studyYear=2
7300203 ## 10-12 ## new member: surname=Andrei, name=Dumitrescu, role=student, age=22, email=andrei.dumitrescu@email.org, school=Colegiul Tehnic, studyYear=3
7300203 ## 10-12 ## new member: surname=Ioana, name=Georgescu, role=profesor, age=38, email=null, school=Universitatea Politehnica, experience=5
7300203 ## 10-12 ## new member: surname=George, name=Stoica, role=student, age=19, email=george.stoica@example.com, school=Liceul National, studyYear=1
7300203 ## 10-12 ## removed member: surname=Ioana, name=Georgescu, role=profesor, age=38, email=null, school=Universitatea Politehnica, experience=5
7300203 ## 13-15 ## new member: surname=Mihai, name=Nistor, role=student, age=21, email=null, school=Liceul National, studyYear=3
7300203 ## 13-15 ## new member: surname=Ana, name=Marin, role=profesor, age=40, email=ana.marin@email.org, school=Colegiul Pedagogic, experience=8
7300203 ## 13-15 ## new member: surname=Vlad, name=Diaconescu, role=student, age=23, email=vlad.diaconescu@example.com, school=Universitatea de Vest, studyYear=4
7300203 ## 13-15 ## removed member: surname=Mihai, name=Nistor, role=student, age=21, email=null, school=Liceul National, studyYear=3
]]></system-out>
  <system-err><![CDATA[]]></system-err>
</testsuite>
